<?xml version="1.0" encoding="UTF-8"?>
<!-- Generated by org.testng.reporters.JUnitXMLReporter -->
<testsuite hostname="jason-shiggs-computer.local" ignored="0" name="TestB" tests="6" failures="1" timestamp="26 Dec 2019 15:24:03 GMT" time="70.551" errors="0">
  <testcase name="basePageNavigation01" time="12.778" classname="SportsEngine.HomePage"/>
  <testcase name="basePageNavigation02" time="15.254" classname="SportsEngine.HomePage"/>
  <testcase name="basePageNavigationSign01" time="19.036" classname="SportsEngine.HomePage"/>
  <testcase name="basePageNavigationSign01" time="7.467" classname="SportsEngine.HomePage"/>
  <testcase name="basePageNavigationSign01" time="9.118" classname="SportsEngine.HomePage"/>
  <testcase name="basePageNavigation01" time="5.696" classname="SportsEngine.ValidateText">
    <failure type="java.lang.AssertionError" message="&amp;apos;Get out&amp;apos;, Header Text Incorrect expected [true] but found [false]">
      <![CDATA[java.lang.AssertionError: 'Get out', Header Text Incorrect expected [true] but found [false]
at SportsEngine.ValidateText.basePageNavigation01(ValidateText.java:24)
... Removed 28 stack frames]]>
    </failure>
  </testcase> <!-- basePageNavigation01 -->
</testsuite> <!-- TestB -->
