<?xml version="1.0" encoding="UTF-8"?>
<!-- Generated by org.testng.reporters.JUnitXMLReporter -->
<testsuite hostname="jason-shiggs-computer.local" ignored="0" name="Test" tests="2" failures="2" timestamp="30 Dec 2019 15:16:08 GMT" time="8.219" errors="0">
  <testcase name="validateMessageFindSportTx_02" time="0.043" classname="SportsEngine.ValidateText">
    <failure type="java.lang.AssertionError" message="&amp;apos;Find Sport&amp;apos;, Header Text Incorrect expected [true] but found [false]">
      <![CDATA[java.lang.AssertionError: 'Find Sport', Header Text Incorrect expected [true] but found [false]
at SportsEngine.ValidateText.validateMessageFindSportTx_02(ValidateText.java:35)
... Removed 28 stack frames]]>
    </failure>
  </testcase> <!-- validateMessageFindSportTx_02 -->
  <testcase name="validateMessageGetOut_01" time="0.02" classname="SportsEngine.ValidateText">
    <failure type="java.lang.AssertionError" message="&amp;apos;Get out&amp;apos;, Header Text Incorrect expected [true] but found [false]">
      <![CDATA[java.lang.AssertionError: 'Get out', Header Text Incorrect expected [true] but found [false]
at SportsEngine.ValidateText.validateMessageGetOut_01(ValidateText.java:29)
... Removed 28 stack frames]]>
    </failure>
  </testcase> <!-- validateMessageGetOut_01 -->
</testsuite> <!-- Test -->
