<?xml version="1.0" encoding="UTF-8"?>
<!-- Generated by org.testng.reporters.JUnitXMLReporter -->
<testsuite hostname="jason-shiggs-computer.local" ignored="0" name="TestA" tests="2" failures="1" timestamp="31 Dec 2019 16:24:10 GMT" time="10.233" errors="0">
  <testcase name="validateMessageFindSportTx_02" time="0.102" classname="SportsEngine.ValidateText"/>
  <testcase name="validateMessageGetOut_01" time="0.054" classname="SportsEngine.ValidateText">
    <failure type="java.lang.AssertionError" message="&amp;apos;Get out&amp;apos;, Header Text Incorrect expected [true] but found [false]">
      <![CDATA[java.lang.AssertionError: 'Get out', Header Text Incorrect expected [true] but found [false]
at SportsEngine.ValidateText.validateMessageGetOut_01(ValidateText.java:30)
... Removed 28 stack frames]]>
    </failure>
  </testcase> <!-- validateMessageGetOut_01 -->
</testsuite> <!-- TestA -->
