<?xml version="1.0" encoding="UTF-8"?>
<!-- Generated by org.testng.reporters.JUnitXMLReporter -->
<testsuite hostname="jason-shiggs-computer.local" ignored="0" name="TestB" tests="3" failures="0" timestamp="30 Dec 2019 20:17:01 GMT" time="51.108" errors="0">
  <testcase name="basePageNavigationBackward02" time="23.408" classname="SportsEngine.HomePage"/>
  <testcase name="basePageNavigationForward_01" time="15.459" classname="SportsEngine.HomePage"/>
  <testcase name="basePageNavigationSign01" time="12.236" classname="SportsEngine.HomePage"/>
</testsuite> <!-- TestB -->
