<?xml version="1.0" encoding="UTF-8"?>
<!-- Generated by org.testng.reporters.JUnitXMLReporter -->
<testsuite hostname="jason-shiggs-computer.local" ignored="0" name="TestA" tests="3" failures="0" timestamp="30 Dec 2019 20:16:09 GMT" time="69.998" errors="0">
  <testcase name="basePageNavigationBackward02" time="19.986" classname="SportsEngine.HomePage"/>
  <testcase name="basePageNavigationForward_01" time="14.632" classname="SportsEngine.HomePage"/>
  <testcase name="basePageNavigationSign01" time="35.33" classname="SportsEngine.HomePage"/>
</testsuite> <!-- TestA -->
