-------------------------------------------------------------------------------
Test set: TestSuite
-------------------------------------------------------------------------------
Tests run: 3, Failures: 1, Errors: 0, Skipped: 0, Time elapsed: 19.752 s <<< FAILURE! - in TestSuite
SportsEngine.ValidateText.validateMessageGetOut_01  Time elapsed: 0.327 s  <<< FAILURE!
java.lang.AssertionError: 'Get out', Header Text Incorrect expected [true] but found [false]
	at SportsEngine.ValidateText.validateMessageGetOut_01(ValidateText.java:30)

